<?xml version="1.0" encoding="UTF-8"?>
<!-- Generated by org.testng.reporters.JUnitXMLReporter -->
<testsuite hostname="LAPTOP-I3V0BKGE" ignored="3" name="Regression Tests" tests="8" failures="8" timestamp="19 Nov 2019 12:46:07 GMT" time="0.082" errors="0">
  <testcase name="openSignInPage" time="0.033" classname="com.hug.tests.HomePageTest">
    <failure type="java.lang.ExceptionInInitializerError">
      <![CDATA[java.lang.ExceptionInInitializerError
at com.hug.listeners.TestListener.onTestStart(TestListener.java:16)
at java.util.concurrent.ThreadPoolExecutor.runWorker(ThreadPoolExecutor.java:1149)
at java.util.concurrent.ThreadPoolExecutor$Worker.run(ThreadPoolExecutor.java:624)
at java.lang.Thread.run(Thread.java:748)
Caused by: java.lang.NullPointerException
at java.util.Properties$LineReader.readLine(Properties.java:434)
at java.util.Properties.load0(Properties.java:353)
at java.util.Properties.load(Properties.java:341)
at com.aventstack.extentreports.reporter.AbstractReporter.loadConfig(AbstractReporter.java:82)
at com.aventstack.extentreports.reporter.ExtentHtmlReporter.loadDefaultConfig(ExtentHtmlReporter.java:76)
at com.aventstack.extentreports.reporter.ExtentHtmlReporter.<init>(ExtentHtmlReporter.java:57)
at com.aventstack.extentreports.reporter.ExtentHtmlReporter.<init>(ExtentHtmlReporter.java:61)
at com.hug.extentreport.ExtentManager.createInstance(ExtentManager.java:28)
at com.hug.extentreport.ExtentManager.getInstance(ExtentManager.java:20)
at com.hug.extentreport.ExtentTestManager.<clinit>(ExtentTestManager.java:11)
... 11 more
... Removed 7 stack frames]]>
    </failure>
  </testcase> <!-- openSignInPage -->
  <testcase name="signInToApp" time="0.033" classname="com.hug.tests.LoginPageTest">
    <failure type="java.lang.NoClassDefFoundError" message="Could not initialize class com.hug.extentreport.ExtentTestManager">
      <![CDATA[java.lang.NoClassDefFoundError: Could not initialize class com.hug.extentreport.ExtentTestManager
at com.hug.listeners.TestListener.onTestStart(TestListener.java:16)
at java.util.concurrent.ThreadPoolExecutor.runWorker(ThreadPoolExecutor.java:1149)
at java.util.concurrent.ThreadPoolExecutor$Worker.run(ThreadPoolExecutor.java:624)
at java.lang.Thread.run(Thread.java:748)
... Removed 7 stack frames]]>
    </failure>
  </testcase> <!-- signInToApp -->
  <testcase name="signInToApp" time="0.043" classname="com.hug.tests.LoginPageTest">
    <failure type="java.lang.NoClassDefFoundError" message="Could not initialize class com.hug.extentreport.ExtentTestManager">
      <![CDATA[java.lang.NoClassDefFoundError: Could not initialize class com.hug.extentreport.ExtentTestManager
at com.hug.listeners.TestListener.onTestFailure(TestListener.java:31)
at java.util.concurrent.ThreadPoolExecutor.runWorker(ThreadPoolExecutor.java:1149)
at java.util.concurrent.ThreadPoolExecutor$Worker.run(ThreadPoolExecutor.java:624)
at java.lang.Thread.run(Thread.java:748)
... Removed 7 stack frames]]>
    </failure>
  </testcase> <!-- signInToApp -->
  <testcase name="openSignInPage" time="0.043" classname="com.hug.tests.HomePageTest">
    <failure type="java.lang.NoClassDefFoundError" message="Could not initialize class com.hug.extentreport.ExtentTestManager">
      <![CDATA[java.lang.NoClassDefFoundError: Could not initialize class com.hug.extentreport.ExtentTestManager
at com.hug.listeners.TestListener.onTestFailure(TestListener.java:31)
at java.util.concurrent.ThreadPoolExecutor.runWorker(ThreadPoolExecutor.java:1149)
at java.util.concurrent.ThreadPoolExecutor$Worker.run(ThreadPoolExecutor.java:624)
at java.lang.Thread.run(Thread.java:748)
... Removed 7 stack frames]]>
    </failure>
  </testcase> <!-- openSignInPage -->
  <testcase name="getSingleEmployeeDetails" time="0.002" classname="com.hug.tests.GetEmployees">
    <failure type="java.lang.NoClassDefFoundError" message="Could not initialize class com.hug.extentreport.ExtentTestManager">
      <![CDATA[java.lang.NoClassDefFoundError: Could not initialize class com.hug.extentreport.ExtentTestManager
at com.hug.listeners.TestListener.onTestStart(TestListener.java:16)
at java.util.concurrent.ThreadPoolExecutor.runWorker(ThreadPoolExecutor.java:1149)
at java.util.concurrent.ThreadPoolExecutor$Worker.run(ThreadPoolExecutor.java:624)
at java.lang.Thread.run(Thread.java:748)
... Removed 7 stack frames]]>
    </failure>
  </testcase> <!-- getSingleEmployeeDetails -->
  <testcase name="getSingleEmployeeDetails" time="0.005" classname="com.hug.tests.GetEmployees">
    <failure type="java.lang.NoClassDefFoundError" message="Could not initialize class com.hug.extentreport.ExtentTestManager">
      <![CDATA[java.lang.NoClassDefFoundError: Could not initialize class com.hug.extentreport.ExtentTestManager
at com.hug.listeners.TestListener.onTestFailure(TestListener.java:31)
at java.util.concurrent.ThreadPoolExecutor.runWorker(ThreadPoolExecutor.java:1149)
at java.util.concurrent.ThreadPoolExecutor$Worker.run(ThreadPoolExecutor.java:624)
at java.lang.Thread.run(Thread.java:748)
... Removed 7 stack frames]]>
    </failure>
  </testcase> <!-- getSingleEmployeeDetails -->
  <testcase name="getAllEmployeeDetails" time="0.001" classname="com.hug.tests.GetEmployees">
    <failure type="java.lang.NoClassDefFoundError" message="Could not initialize class com.hug.extentreport.ExtentTestManager">
      <![CDATA[java.lang.NoClassDefFoundError: Could not initialize class com.hug.extentreport.ExtentTestManager
at com.hug.listeners.TestListener.onTestStart(TestListener.java:16)
at java.util.concurrent.ThreadPoolExecutor.runWorker(ThreadPoolExecutor.java:1149)
at java.util.concurrent.ThreadPoolExecutor$Worker.run(ThreadPoolExecutor.java:624)
at java.lang.Thread.run(Thread.java:748)
... Removed 7 stack frames]]>
    </failure>
  </testcase> <!-- getAllEmployeeDetails -->
  <testcase name="getAllEmployeeDetails" time="0.001" classname="com.hug.tests.GetEmployees">
    <failure type="java.lang.NoClassDefFoundError" message="Could not initialize class com.hug.extentreport.ExtentTestManager">
      <![CDATA[java.lang.NoClassDefFoundError: Could not initialize class com.hug.extentreport.ExtentTestManager
at com.hug.listeners.TestListener.onTestFailure(TestListener.java:31)
at java.util.concurrent.ThreadPoolExecutor.runWorker(ThreadPoolExecutor.java:1149)
at java.util.concurrent.ThreadPoolExecutor$Worker.run(ThreadPoolExecutor.java:624)
at java.lang.Thread.run(Thread.java:748)
... Removed 7 stack frames]]>
    </failure>
  </testcase> <!-- getAllEmployeeDetails -->
  <testcase name="testMethod" time="0.0" classname="com.hug.sample.SampleTest">
    <ignored/>
  </testcase> <!-- testMethod -->
  <testcase name="@BeforeSuite setUp" time="0.0" classname="com.hug.tests.BaseTest">
    <ignored/>
  </testcase> <!-- @BeforeSuite setUp -->
  <testcase name="@AfterSuite tearDown" time="0.0" classname="com.hug.tests.BaseTest">
    <ignored/>
  </testcase> <!-- @AfterSuite tearDown -->
</testsuite> <!-- Regression Tests -->
