<?xml version="1.0" encoding="UTF-8"?>
<testng-results skipped="0" failed="0" ignored="0" total="2" passed="2">
  <reporter-output>
  </reporter-output>
  <suite name="Default suite" duration-ms="5210" started-at="2019-11-19T09:07:57Z" finished-at="2019-11-19T09:08:02Z">
    <groups>
    </groups>
    <test name="Default test" duration-ms="5210" started-at="2019-11-19T09:07:57Z" finished-at="2019-11-19T09:08:02Z">
      <class name="com.hug.tests.GetEmployees">
        <test-method status="PASS" signature="getSingleEmployeeDetails()[pri:1, instance:com.hug.tests.GetEmployees@1f36e637]" name="getSingleEmployeeDetails" duration-ms="3393" started-at="2019-11-19T09:07:57Z" finished-at="2019-11-19T09:08:00Z">
          <reporter-output>
          </reporter-output>
        </test-method> <!-- getSingleEmployeeDetails -->
        <test-method status="PASS" signature="getAllEmployeeDetails()[pri:2, instance:com.hug.tests.GetEmployees@1f36e637]" name="getAllEmployeeDetails" duration-ms="1801" started-at="2019-11-19T09:08:00Z" finished-at="2019-11-19T09:08:02Z">
          <reporter-output>
          </reporter-output>
        </test-method> <!-- getAllEmployeeDetails -->
      </class> <!-- com.hug.tests.GetEmployees -->
    </test> <!-- Default test -->
  </suite> <!-- Default suite -->
</testng-results>
