<?xml version="1.0" encoding="UTF-8"?>
<testng-results skipped="0" failed="0" ignored="0" total="1" passed="1">
  <reporter-output>
  </reporter-output>
  <suite name="Default suite" duration-ms="10775" started-at="2019-11-19T12:51:27Z" finished-at="2019-11-19T12:51:37Z">
    <groups>
    </groups>
    <test name="Default test" duration-ms="10775" started-at="2019-11-19T12:51:27Z" finished-at="2019-11-19T12:51:37Z">
      <class name="com.hug.tests.LoginPageTest">
        <test-method status="PASS" signature="setUp(java.lang.String, java.lang.String)[pri:0, instance:com.hug.tests.LoginPageTest@1e6d1014]" name="setUp" is-config="true" duration-ms="21546" started-at="2019-11-19T12:51:05Z" finished-at="2019-11-19T12:51:27Z">
          <params>
            <param index="0">
              <value>
                <![CDATA[chrome]]>
              </value>
            </param>
            <param index="1">
              <value>
                <![CDATA[C:\Selenium\drivers\chromedriver.exe]]>
              </value>
            </param>
          </params>
          <reporter-output>
          </reporter-output>
        </test-method> <!-- setUp -->
        <test-method status="PASS" signature="signInToApp()[pri:0, instance:com.hug.tests.LoginPageTest@1e6d1014]" name="signInToApp" duration-ms="10734" started-at="2019-11-19T12:51:27Z" finished-at="2019-11-19T12:51:37Z">
          <reporter-output>
          </reporter-output>
        </test-method> <!-- signInToApp -->
        <test-method status="PASS" signature="tearDown()[pri:0, instance:com.hug.tests.LoginPageTest@1e6d1014]" name="tearDown" is-config="true" duration-ms="744" started-at="2019-11-19T12:51:37Z" finished-at="2019-11-19T12:51:38Z">
          <reporter-output>
          </reporter-output>
        </test-method> <!-- tearDown -->
      </class> <!-- com.hug.tests.LoginPageTest -->
    </test> <!-- Default test -->
  </suite> <!-- Default suite -->
</testng-results>
